Performing C SOURCE FILE Test CMAKE_HAVE_LIBC_PTHREAD failed with the following output:
Change Dir: /home/nekonoyume/codeDev/GithubProject/bytedance-database-project/cmake-build-debug/CMakeFiles/CMakeTmp

Run Build Command(s):/usr/bin/make -f Makefile cmTC_9323d/fast && /usr/bin/make  -f CMakeFiles/cmTC_9323d.dir/build.make CMakeFiles/cmTC_9323d.dir/build
make[1]: Entering directory '/home/nekonoyume/codeDev/GithubProject/bytedance-database-project/cmake-build-debug/CMakeFiles/CMakeTmp'
Building C object CMakeFiles/cmTC_9323d.dir/src.c.o
/usr/bin/cc -DCMAKE_HAVE_LIBC_PTHREAD   -o CMakeFiles/cmTC_9323d.dir/src.c.o -c /home/nekonoyume/codeDev/GithubProject/bytedance-database-project/cmake-build-debug/CMakeFiles/CMakeTmp/src.c
Linking C executable cmTC_9323d
/opt/software/clion-2021.3/bin/cmake/linux/bin/cmake -E cmake_link_script CMakeFiles/cmTC_9323d.dir/link.txt --verbose=1
/usr/bin/cc -rdynamic CMakeFiles/cmTC_9323d.dir/src.c.o -o cmTC_9323d 
CMakeFiles/cmTC_9323d.dir/src.c.o: In function `main':
src.c:(.text+0x3e): undefined reference to `pthread_create'
src.c:(.text+0x4a): undefined reference to `pthread_detach'
src.c:(.text+0x56): undefined reference to `pthread_cancel'
src.c:(.text+0x67): undefined reference to `pthread_join'
src.c:(.text+0x7b): undefined reference to `pthread_atfork'
collect2: error: ld returned 1 exit status
CMakeFiles/cmTC_9323d.dir/build.make:98: recipe for target 'cmTC_9323d' failed
make[1]: *** [cmTC_9323d] Error 1
make[1]: Leaving directory '/home/nekonoyume/codeDev/GithubProject/bytedance-database-project/cmake-build-debug/CMakeFiles/CMakeTmp'
Makefile:127: recipe for target 'cmTC_9323d/fast' failed
make: *** [cmTC_9323d/fast] Error 2


Source file was:
#include <pthread.h>

static void* test_func(void* data)
{
  return data;
}

int main(void)
{
  pthread_t thread;
  pthread_create(&thread, NULL, test_func, NULL);
  pthread_detach(thread);
  pthread_cancel(thread);
  pthread_join(thread, NULL);
  pthread_atfork(NULL, NULL, NULL);
  pthread_exit(NULL);

  return 0;
}

Determining if the function pthread_create exists in the pthreads failed with the following output:
Change Dir: /home/nekonoyume/codeDev/GithubProject/bytedance-database-project/cmake-build-debug/CMakeFiles/CMakeTmp

Run Build Command(s):/usr/bin/make -f Makefile cmTC_ea988/fast && /usr/bin/make  -f CMakeFiles/cmTC_ea988.dir/build.make CMakeFiles/cmTC_ea988.dir/build
make[1]: Entering directory '/home/nekonoyume/codeDev/GithubProject/bytedance-database-project/cmake-build-debug/CMakeFiles/CMakeTmp'
Building C object CMakeFiles/cmTC_ea988.dir/CheckFunctionExists.c.o
/usr/bin/cc   -DCHECK_FUNCTION_EXISTS=pthread_create -o CMakeFiles/cmTC_ea988.dir/CheckFunctionExists.c.o -c /opt/software/clion-2021.3/bin/cmake/linux/share/cmake-3.21/Modules/CheckFunctionExists.c
Linking C executable cmTC_ea988
/opt/software/clion-2021.3/bin/cmake/linux/bin/cmake -E cmake_link_script CMakeFiles/cmTC_ea988.dir/link.txt --verbose=1
/usr/bin/cc  -DCHECK_FUNCTION_EXISTS=pthread_create -rdynamic CMakeFiles/cmTC_ea988.dir/CheckFunctionExists.c.o -o cmTC_ea988  -lpthreads 
/usr/bin/ld: cannot find -lpthreads
collect2: error: ld returned 1 exit status
CMakeFiles/cmTC_ea988.dir/build.make:98: recipe for target 'cmTC_ea988' failed
make[1]: *** [cmTC_ea988] Error 1
make[1]: Leaving directory '/home/nekonoyume/codeDev/GithubProject/bytedance-database-project/cmake-build-debug/CMakeFiles/CMakeTmp'
Makefile:127: recipe for target 'cmTC_ea988/fast' failed
make: *** [cmTC_ea988/fast] Error 2



