Determining if the pthread_create exist failed with the following output:
Change Dir: /home/nekonoyume/codeDev/GithubProject/bytedance-database-project/CMakeFiles/CMakeTmp

Run Build Command:"/usr/bin/make" "cmTC_4d67a/fast"
/usr/bin/make -f CMakeFiles/cmTC_4d67a.dir/build.make CMakeFiles/cmTC_4d67a.dir/build
make[1]: Entering directory '/home/nekonoyume/codeDev/GithubProject/bytedance-database-project/CMakeFiles/CMakeTmp'
Building C object CMakeFiles/cmTC_4d67a.dir/CheckSymbolExists.c.o
/usr/bin/cc    -o CMakeFiles/cmTC_4d67a.dir/CheckSymbolExists.c.o   -c /home/nekonoyume/codeDev/GithubProject/bytedance-database-project/CMakeFiles/CMakeTmp/CheckSymbolExists.c
Linking C executable cmTC_4d67a
/usr/bin/cmake -E cmake_link_script CMakeFiles/cmTC_4d67a.dir/link.txt --verbose=1
/usr/bin/cc      -rdynamic CMakeFiles/cmTC_4d67a.dir/CheckSymbolExists.c.o  -o cmTC_4d67a 
CMakeFiles/cmTC_4d67a.dir/CheckSymbolExists.c.o: In function `main':
CheckSymbolExists.c:(.text+0x1b): undefined reference to `pthread_create'
collect2: error: ld returned 1 exit status
CMakeFiles/cmTC_4d67a.dir/build.make:97: recipe for target 'cmTC_4d67a' failed
make[1]: *** [cmTC_4d67a] Error 1
make[1]: Leaving directory '/home/nekonoyume/codeDev/GithubProject/bytedance-database-project/CMakeFiles/CMakeTmp'
Makefile:126: recipe for target 'cmTC_4d67a/fast' failed
make: *** [cmTC_4d67a/fast] Error 2

File /home/nekonoyume/codeDev/GithubProject/bytedance-database-project/CMakeFiles/CMakeTmp/CheckSymbolExists.c:
/* */
#include <pthread.h>

int main(int argc, char** argv)
{
  (void)argv;
#ifndef pthread_create
  return ((int*)(&pthread_create))[argc];
#else
  (void)argc;
  return 0;
#endif
}

Determining if the function pthread_create exists in the pthreads failed with the following output:
Change Dir: /home/nekonoyume/codeDev/GithubProject/bytedance-database-project/CMakeFiles/CMakeTmp

Run Build Command:"/usr/bin/make" "cmTC_80976/fast"
/usr/bin/make -f CMakeFiles/cmTC_80976.dir/build.make CMakeFiles/cmTC_80976.dir/build
make[1]: Entering directory '/home/nekonoyume/codeDev/GithubProject/bytedance-database-project/CMakeFiles/CMakeTmp'
Building C object CMakeFiles/cmTC_80976.dir/CheckFunctionExists.c.o
/usr/bin/cc   -DCHECK_FUNCTION_EXISTS=pthread_create   -o CMakeFiles/cmTC_80976.dir/CheckFunctionExists.c.o   -c /usr/share/cmake-3.10/Modules/CheckFunctionExists.c
Linking C executable cmTC_80976
/usr/bin/cmake -E cmake_link_script CMakeFiles/cmTC_80976.dir/link.txt --verbose=1
/usr/bin/cc  -DCHECK_FUNCTION_EXISTS=pthread_create    -rdynamic CMakeFiles/cmTC_80976.dir/CheckFunctionExists.c.o  -o cmTC_80976 -lpthreads 
/usr/bin/ld: cannot find -lpthreads
collect2: error: ld returned 1 exit status
CMakeFiles/cmTC_80976.dir/build.make:97: recipe for target 'cmTC_80976' failed
make[1]: *** [cmTC_80976] Error 1
make[1]: Leaving directory '/home/nekonoyume/codeDev/GithubProject/bytedance-database-project/CMakeFiles/CMakeTmp'
Makefile:126: recipe for target 'cmTC_80976/fast' failed
make: *** [cmTC_80976/fast] Error 2


Performing C SOURCE FILE Test CMAKE_HAVE_LIBC_PTHREAD failed with the following output:
Change Dir: /home/nekonoyume/codeDev/GithubProject/bytedance-database-project/CMakeFiles/CMakeTmp

Run Build Command(s):/usr/bin/make -f Makefile cmTC_01344/fast && /usr/bin/make  -f CMakeFiles/cmTC_01344.dir/build.make CMakeFiles/cmTC_01344.dir/build
make[1]: Entering directory '/home/nekonoyume/codeDev/GithubProject/bytedance-database-project/CMakeFiles/CMakeTmp'
Building C object CMakeFiles/cmTC_01344.dir/src.c.o
/usr/bin/cc -DCMAKE_HAVE_LIBC_PTHREAD   -o CMakeFiles/cmTC_01344.dir/src.c.o -c /home/nekonoyume/codeDev/GithubProject/bytedance-database-project/CMakeFiles/CMakeTmp/src.c
Linking C executable cmTC_01344
/opt/software/clion-2021.3/bin/cmake/linux/bin/cmake -E cmake_link_script CMakeFiles/cmTC_01344.dir/link.txt --verbose=1
/usr/bin/cc -rdynamic CMakeFiles/cmTC_01344.dir/src.c.o -o cmTC_01344 
CMakeFiles/cmTC_01344.dir/src.c.o: In function `main':
src.c:(.text+0x3e): undefined reference to `pthread_create'
src.c:(.text+0x4a): undefined reference to `pthread_detach'
src.c:(.text+0x56): undefined reference to `pthread_cancel'
src.c:(.text+0x67): undefined reference to `pthread_join'
src.c:(.text+0x7b): undefined reference to `pthread_atfork'
collect2: error: ld returned 1 exit status
CMakeFiles/cmTC_01344.dir/build.make:98: recipe for target 'cmTC_01344' failed
make[1]: *** [cmTC_01344] Error 1
make[1]: Leaving directory '/home/nekonoyume/codeDev/GithubProject/bytedance-database-project/CMakeFiles/CMakeTmp'
Makefile:127: recipe for target 'cmTC_01344/fast' failed
make: *** [cmTC_01344/fast] Error 2


Source file was:
#include <pthread.h>

static void* test_func(void* data)
{
  return data;
}

int main(void)
{
  pthread_t thread;
  pthread_create(&thread, NULL, test_func, NULL);
  pthread_detach(thread);
  pthread_cancel(thread);
  pthread_join(thread, NULL);
  pthread_atfork(NULL, NULL, NULL);
  pthread_exit(NULL);

  return 0;
}

