Determining if the pthread_create exist failed with the following output:
Change Dir: /home/nekonoyume/codeDev/GithubProject/bytedance-database-project/build/CMakeFiles/CMakeTmp

Run Build Command:"/usr/bin/make" "cmTC_5c97b/fast"
/usr/bin/make -f CMakeFiles/cmTC_5c97b.dir/build.make CMakeFiles/cmTC_5c97b.dir/build
make[1]: Entering directory '/home/nekonoyume/codeDev/GithubProject/bytedance-database-project/build/CMakeFiles/CMakeTmp'
Building C object CMakeFiles/cmTC_5c97b.dir/CheckSymbolExists.c.o
/usr/bin/cc    -o CMakeFiles/cmTC_5c97b.dir/CheckSymbolExists.c.o   -c /home/nekonoyume/codeDev/GithubProject/bytedance-database-project/build/CMakeFiles/CMakeTmp/CheckSymbolExists.c
Linking C executable cmTC_5c97b
/usr/bin/cmake -E cmake_link_script CMakeFiles/cmTC_5c97b.dir/link.txt --verbose=1
/usr/bin/cc      -rdynamic CMakeFiles/cmTC_5c97b.dir/CheckSymbolExists.c.o  -o cmTC_5c97b 
CMakeFiles/cmTC_5c97b.dir/CheckSymbolExists.c.o: In function `main':
CheckSymbolExists.c:(.text+0x1b): undefined reference to `pthread_create'
collect2: error: ld returned 1 exit status
CMakeFiles/cmTC_5c97b.dir/build.make:97: recipe for target 'cmTC_5c97b' failed
make[1]: *** [cmTC_5c97b] Error 1
make[1]: Leaving directory '/home/nekonoyume/codeDev/GithubProject/bytedance-database-project/build/CMakeFiles/CMakeTmp'
Makefile:126: recipe for target 'cmTC_5c97b/fast' failed
make: *** [cmTC_5c97b/fast] Error 2

File /home/nekonoyume/codeDev/GithubProject/bytedance-database-project/build/CMakeFiles/CMakeTmp/CheckSymbolExists.c:
/* */
#include <pthread.h>

int main(int argc, char** argv)
{
  (void)argv;
#ifndef pthread_create
  return ((int*)(&pthread_create))[argc];
#else
  (void)argc;
  return 0;
#endif
}

Determining if the function pthread_create exists in the pthreads failed with the following output:
Change Dir: /home/nekonoyume/codeDev/GithubProject/bytedance-database-project/build/CMakeFiles/CMakeTmp

Run Build Command:"/usr/bin/make" "cmTC_15eed/fast"
/usr/bin/make -f CMakeFiles/cmTC_15eed.dir/build.make CMakeFiles/cmTC_15eed.dir/build
make[1]: Entering directory '/home/nekonoyume/codeDev/GithubProject/bytedance-database-project/build/CMakeFiles/CMakeTmp'
Building C object CMakeFiles/cmTC_15eed.dir/CheckFunctionExists.c.o
/usr/bin/cc   -DCHECK_FUNCTION_EXISTS=pthread_create   -o CMakeFiles/cmTC_15eed.dir/CheckFunctionExists.c.o   -c /usr/share/cmake-3.10/Modules/CheckFunctionExists.c
Linking C executable cmTC_15eed
/usr/bin/cmake -E cmake_link_script CMakeFiles/cmTC_15eed.dir/link.txt --verbose=1
/usr/bin/cc  -DCHECK_FUNCTION_EXISTS=pthread_create    -rdynamic CMakeFiles/cmTC_15eed.dir/CheckFunctionExists.c.o  -o cmTC_15eed -lpthreads 
/usr/bin/ld: cannot find -lpthreads
collect2: error: ld returned 1 exit status
CMakeFiles/cmTC_15eed.dir/build.make:97: recipe for target 'cmTC_15eed' failed
make[1]: *** [cmTC_15eed] Error 1
make[1]: Leaving directory '/home/nekonoyume/codeDev/GithubProject/bytedance-database-project/build/CMakeFiles/CMakeTmp'
Makefile:126: recipe for target 'cmTC_15eed/fast' failed
make: *** [cmTC_15eed/fast] Error 2


